<?xml version="1.0" encoding="UTF-8"?>
<testng-results ignored="0" total="1" passed="1" failed="0" skipped="0">
  <reporter-output>
  </reporter-output>
  <suite started-at="2026-03-04T11:02:10 CST" name="Part1.SeleniumTest" finished-at="2026-03-04T11:02:15 CST" duration-ms="5005">
    <groups>
    </groups>
    <test started-at="2026-03-04T11:02:10 CST" name="Command line test" finished-at="2026-03-04T11:02:15 CST" duration-ms="5005">
      <class name="Part1.SeleniumTest">
        <test-method is-config="true" signature="setUp()[pri:0, instance:Part1.SeleniumTest@c8e4bb0]" started-at="2026-03-04T11:02:10 CST" name="setUp" finished-at="2026-03-04T11:02:12 CST" duration-ms="2271" status="PASS">
          <reporter-output>
          </reporter-output>
        </test-method> <!-- setUp -->
        <test-method signature="testLogin()[pri:0, instance:Part1.SeleniumTest@c8e4bb0]" started-at="2026-03-04T11:02:12 CST" name="testLogin" finished-at="2026-03-04T11:02:14 CST" duration-ms="2336" status="PASS">
          <reporter-output>
          </reporter-output>
        </test-method> <!-- testLogin -->
        <test-method is-config="true" signature="tearDown()[pri:0, instance:Part1.SeleniumTest@c8e4bb0]" started-at="2026-03-04T11:02:14 CST" name="tearDown" finished-at="2026-03-04T11:02:15 CST" duration-ms="371" status="PASS">
          <reporter-output>
          </reporter-output>
        </test-method> <!-- tearDown -->
      </class> <!-- Part1.SeleniumTest -->
    </test> <!-- Command line test -->
  </suite> <!-- Part1.SeleniumTest -->
</testng-results>
